Arguments: 
  /home/zhanping/.nvm/versions/node/v8.0.0/bin/node /usr/share/yarn/bin/yarn.js start

PATH: 
  /home/zhanping/.nvm/versions/node/v8.0.0/bin:/home/zhanping/bin:/home/zhanping/.local/bin:/usr/local/sbin:/usr/local/bin:/usr/sbin:/usr/bin:/sbin:/bin:/usr/games:/usr/local/games:/snap/bin:/home/zhanping/.yarn/bin:/home/zhanping/.yadr/bin:/home/zhanping/.yadr/bin/yadr

Yarn version: 
  1.3.2

Node version: 
  8.0.0

Platform: 
  linux x64

npm manifest: 
  {
    "name": "N",
    "version": "1.0.0",
    "description": "a note created by gitbook\\",
    "main": "null",
    "repository": "null",
    "author": "raozhanping",
    "license": "MIT"
    "script": {
      "start": "gitbook serve --port=4001 --lrport=4002"
    }
  }

yarn manifest: 
  No manifest

Lockfile: 
  No lockfile

Trace: 
  SyntaxError: /home/zhanping/workSpace/NOTES/package.json: Unexpected string in JSON at position 177
      at JSON.parse (<anonymous>)
      at /usr/share/yarn/lib/cli.js:770:59
      at Generator.next (<anonymous>)
      at step (/usr/share/yarn/lib/cli.js:92:30)
      at /usr/share/yarn/lib/cli.js:103:13
      at <anonymous>
